<?xml version="1.0" encoding="UTF-8"?>
<testsuite name="censusanalyser.StateCodeAnalyserTest" tests="5" skipped="0" failures="0" errors="0" timestamp="2023-03-25T04:01:31" hostname="LAPTOP-9639UT7T" time="0.388">
  <properties/>
  <testcase name="givenIndianCensusCSVFileReturnsCorrectRecords()" classname="censusanalyser.StateCodeAnalyserTest" time="0.333"/>
  <testcase name="givenIndiaCensusData_WithWrongFile_ShouldThrowException()" classname="censusanalyser.StateCodeAnalyserTest" time="0.014"/>
  <testcase name="givenIndiaCensusCSVFile_WhenIncorrectHeader_ShouldThrowException()" classname="censusanalyser.StateCodeAnalyserTest" time="0.02"/>
  <testcase name="givenIndiaCensusCSVFile_WhenIncorrectType_ShouldThrowException()" classname="censusanalyser.StateCodeAnalyserTest" time="0.003"/>
  <testcase name="givenIndiaCensusCSVFile_WhenIncorrectDelimiter_ShouldThrowException()" classname="censusanalyser.StateCodeAnalyserTest" time="0.004"/>
  <system-out><![CDATA[]]></system-out>
  <system-err><![CDATA[]]></system-err>
</testsuite>
